2024-02-15 17:21:03,260 - tensorflow - WARNING - From C:\Users\paulj\AppData\Local\Programs\Python\Python311\Lib\site-packages\tf2onnx\tf_loader.py:68: The name tf.reset_default_graph is deprecated. Please use tf.compat.v1.reset_default_graph instead.

2024-02-15 17:21:04,345 - tensorflow - WARNING - From C:\Users\paulj\AppData\Local\Programs\Python\Python311\Lib\site-packages\tf2onnx\tf_loader.py:72: The name tf.train.import_meta_graph is deprecated. Please use tf.compat.v1.train.import_meta_graph instead.

2024-02-15 17:21:17,016 - tensorflow - WARNING - From C:\Users\paulj\AppData\Local\Programs\Python\Python311\Lib\site-packages\keras\src\utils\tf_utils.py:492: The name tf.ragged.RaggedTensorValue is deprecated. Please use tf.compat.v1.ragged.RaggedTensorValue instead.

2024-02-15 17:37:21,558 - root - INFO - Epoch 0; loss: 469.1067810058594; CER: 1.8251395225524902; WER: 1.0698978900909424; val_loss: 327.76068115234375; val_CER: 1.0; val_WER: 1.0
2024-02-15 17:53:39,219 - root - INFO - Epoch 1; loss: 281.34613037109375; CER: 1.0; WER: 0.999803900718689; val_loss: 283.1602783203125; val_CER: 1.0; val_WER: 1.0
2024-02-15 18:10:28,696 - root - INFO - Epoch 2; loss: 277.47357177734375; CER: 0.9999299645423889; WER: 0.999803900718689; val_loss: 292.1816101074219; val_CER: 1.0; val_WER: 1.0
2024-02-15 18:27:58,699 - root - INFO - Epoch 3; loss: 276.5864562988281; CER: 0.9999273419380188; WER: 0.999803900718689; val_loss: 292.4734802246094; val_CER: 1.0; val_WER: 1.0
2024-02-15 18:45:55,764 - root - INFO - Epoch 4; loss: 278.25372314453125; CER: 0.9999286532402039; WER: 0.999803900718689; val_loss: 284.4689025878906; val_CER: 1.0; val_WER: 1.0
2024-02-15 19:03:06,300 - root - INFO - Epoch 5; loss: 272.6707458496094; CER: 1.0; WER: 0.999803900718689; val_loss: 268.508056640625; val_CER: 1.0; val_WER: 1.0
2024-02-15 19:20:31,288 - root - INFO - Epoch 6; loss: 263.1436767578125; CER: 0.9999723434448242; WER: 0.999803900718689; val_loss: 271.3144226074219; val_CER: 1.0; val_WER: 1.0
2024-02-15 19:37:15,252 - root - INFO - Epoch 7; loss: 258.5028991699219; CER: 0.9999110102653503; WER: 0.999803900718689; val_loss: 272.47698974609375; val_CER: 1.0; val_WER: 1.0
2024-02-15 19:54:30,322 - root - INFO - Epoch 8; loss: 256.93359375; CER: 0.9998611807823181; WER: 0.999803900718689; val_loss: 263.9939270019531; val_CER: 1.0; val_WER: 1.0
2024-02-15 20:11:03,564 - root - INFO - Epoch 9; loss: 256.01153564453125; CER: 0.9999603629112244; WER: 0.999803900718689; val_loss: 262.79791259765625; val_CER: 1.0; val_WER: 1.0
2024-02-15 20:30:39,159 - root - INFO - Epoch 10; loss: 255.98875427246094; CER: 1.0; WER: 0.999803900718689; val_loss: 260.25640869140625; val_CER: 1.0; val_WER: 1.0
2024-02-15 20:48:15,311 - root - INFO - Epoch 11; loss: 255.44662475585938; CER: 1.0; WER: 0.999803900718689; val_loss: 267.8609924316406; val_CER: 1.0; val_WER: 1.0
2024-02-15 21:05:00,837 - root - INFO - Epoch 12; loss: 255.516845703125; CER: 0.9999377727508545; WER: 0.999803900718689; val_loss: 263.019287109375; val_CER: 1.0; val_WER: 1.0
2024-02-15 21:24:16,492 - root - INFO - Epoch 13; loss: 254.95835876464844; CER: 1.0; WER: 0.999803900718689; val_loss: 257.23944091796875; val_CER: 1.0; val_WER: 1.0
2024-02-15 21:42:00,542 - root - INFO - Epoch 14; loss: 254.9716339111328; CER: 0.9999703168869019; WER: 0.999803900718689; val_loss: 263.8683166503906; val_CER: 1.0; val_WER: 1.0
2024-02-15 21:59:01,165 - root - INFO - Epoch 15; loss: 254.98275756835938; CER: 0.9999713897705078; WER: 0.999803900718689; val_loss: 259.7320556640625; val_CER: 1.0; val_WER: 1.0
2024-02-15 22:15:18,872 - root - INFO - Epoch 16; loss: 254.73953247070312; CER: 1.0; WER: 0.999803900718689; val_loss: 260.02386474609375; val_CER: 1.0; val_WER: 1.0
2024-02-15 22:30:50,850 - root - INFO - Epoch 17; loss: 255.04519653320312; CER: 1.0; WER: 0.999803900718689; val_loss: 262.4210510253906; val_CER: 1.0; val_WER: 1.0
2024-02-15 22:47:49,662 - root - INFO - Epoch 18; loss: 255.04220581054688; CER: 0.9999366998672485; WER: 0.999803900718689; val_loss: 258.4864196777344; val_CER: 1.0; val_WER: 1.0
2024-02-15 23:05:18,874 - root - INFO - Epoch 19; loss: 254.5028076171875; CER: 0.9999203085899353; WER: 0.999803900718689; val_loss: 261.61370849609375; val_CER: 1.0; val_WER: 1.0
2024-02-15 23:22:42,991 - root - INFO - Epoch 20; loss: 254.29258728027344; CER: 1.0; WER: 0.999803900718689; val_loss: 254.53076171875; val_CER: 1.0; val_WER: 1.0
2024-02-15 23:23:11,448 - tf2onnx.tfonnx - INFO - Using tensorflow=2.15.0, onnx=1.15.0, tf2onnx=1.16.1/15c810
2024-02-15 23:23:11,448 - tf2onnx.tfonnx - INFO - Using opset <onnx, 15>
2024-02-15 23:23:12,780 - tf2onnx.tf_utils - INFO - Computed 0 values for constant folding
2024-02-15 23:23:12,811 - tf2onnx.tf_utils - INFO - Computed 0 values for constant folding
2024-02-15 23:23:12,827 - tf2onnx.tf_utils - INFO - Computed 0 values for constant folding
2024-02-15 23:23:12,859 - tf2onnx.tf_utils - INFO - Computed 0 values for constant folding
2024-02-15 23:23:12,890 - tf2onnx.tf_utils - INFO - Computed 0 values for constant folding
2024-02-15 23:23:12,906 - tf2onnx.tf_utils - INFO - Computed 0 values for constant folding
2024-02-15 23:23:12,937 - tf2onnx.tf_utils - INFO - Computed 0 values for constant folding
2024-02-15 23:23:12,953 - tf2onnx.tf_utils - INFO - Computed 0 values for constant folding
2024-02-15 23:23:12,984 - tf2onnx.tf_utils - INFO - Computed 0 values for constant folding
2024-02-15 23:23:13,000 - tf2onnx.tf_utils - INFO - Computed 0 values for constant folding
2024-02-15 23:23:13,000 - tf2onnx.tf_utils - INFO - Computed 0 values for constant folding
2024-02-15 23:23:13,016 - tf2onnx.tf_utils - INFO - Computed 0 values for constant folding
2024-02-15 23:23:13,047 - tf2onnx.tf_utils - INFO - Computed 0 values for constant folding
2024-02-15 23:23:13,047 - tf2onnx.tf_utils - INFO - Computed 0 values for constant folding
2024-02-15 23:23:13,063 - tf2onnx.tf_utils - INFO - Computed 0 values for constant folding
2024-02-15 23:23:13,113 - tf2onnx.tf_utils - INFO - Computed 0 values for constant folding
2024-02-15 23:23:13,117 - tf2onnx.tf_utils - INFO - Computed 0 values for constant folding
2024-02-15 23:23:13,145 - tf2onnx.tf_utils - INFO - Computed 0 values for constant folding
2024-02-15 23:23:13,161 - tf2onnx.tf_utils - INFO - Computed 0 values for constant folding
2024-02-15 23:23:13,176 - tf2onnx.tf_utils - INFO - Computed 0 values for constant folding
2024-02-15 23:23:13,317 - tf2onnx.tf_utils - INFO - Computed 0 values for constant folding
2024-02-15 23:23:15,085 - tf2onnx.optimizer - INFO - Optimizing ONNX model
2024-02-15 23:23:17,508 - tf2onnx.optimizer - INFO - After optimization: BatchNormalization -2 (2->0), Cast -22 (39->17), Concat -21 (40->19), Const -254 (293->39), Expand -15 (20->5), Gather +5 (4->9), Identity -2 (2->0), ReduceProd -2 (4->2), Shape -5 (13->8), Slice -5 (21->16), Squeeze -11 (21->10), Transpose -20 (23->3), Unsqueeze -60 (68->8)
