2024-02-23 17:49:11,424 - tensorflow - WARNING - From C:\Users\paulj\AppData\Local\Programs\Python\Python311\Lib\site-packages\tf2onnx\tf_loader.py:68: The name tf.reset_default_graph is deprecated. Please use tf.compat.v1.reset_default_graph instead.

2024-02-23 17:49:12,035 - tensorflow - WARNING - From C:\Users\paulj\AppData\Local\Programs\Python\Python311\Lib\site-packages\tf2onnx\tf_loader.py:72: The name tf.train.import_meta_graph is deprecated. Please use tf.compat.v1.train.import_meta_graph instead.

2024-02-23 17:49:19,555 - tensorflow - WARNING - From C:\Users\paulj\AppData\Local\Programs\Python\Python311\Lib\site-packages\keras\src\utils\tf_utils.py:492: The name tf.ragged.RaggedTensorValue is deprecated. Please use tf.compat.v1.ragged.RaggedTensorValue instead.

2024-02-23 18:07:01,026 - root - INFO - Epoch 0; loss: 476.77056884765625; CER: 1.3590806722640991; WER: 1.0275112390518188; val_loss: 266.1754150390625; val_CER: 1.0; val_WER: 1.0
2024-02-23 18:26:16,115 - root - INFO - Epoch 1; loss: 284.92877197265625; CER: 0.9998639225959778; WER: 0.9995860457420349; val_loss: 251.5783233642578; val_CER: 1.0; val_WER: 1.0
2024-02-23 18:42:24,949 - root - INFO - Epoch 2; loss: 283.8641052246094; CER: 0.9997579455375671; WER: 0.9996813535690308; val_loss: 257.67510986328125; val_CER: 1.0; val_WER: 1.0
2024-02-23 19:01:08,130 - root - INFO - Epoch 3; loss: 282.54119873046875; CER: 0.999955952167511; WER: 0.999803900718689; val_loss: 253.41107177734375; val_CER: 1.0; val_WER: 1.0
2024-02-23 19:17:56,303 - root - INFO - Epoch 4; loss: 279.1654052734375; CER: 0.9999325275421143; WER: 0.9995860457420349; val_loss: 253.09823608398438; val_CER: 1.0; val_WER: 1.0
2024-02-23 19:32:45,920 - root - INFO - Epoch 5; loss: 271.97705078125; CER: 0.9997757077217102; WER: 0.999803900718689; val_loss: 245.85877990722656; val_CER: 1.0; val_WER: 1.0
2024-02-23 19:49:24,554 - root - INFO - Epoch 6; loss: 268.5918273925781; CER: 0.9999335408210754; WER: 0.999803900718689; val_loss: 247.07290649414062; val_CER: 1.0; val_WER: 1.0
2024-02-23 20:07:54,906 - root - INFO - Epoch 7; loss: 267.83673095703125; CER: 0.999854326248169; WER: 0.999803900718689; val_loss: 245.78231811523438; val_CER: 1.0; val_WER: 1.0
2024-02-23 20:25:33,585 - root - INFO - Epoch 8; loss: 267.410888671875; CER: 0.9999369978904724; WER: 0.999803900718689; val_loss: 241.98475646972656; val_CER: 1.0; val_WER: 1.0
2024-02-23 20:42:19,348 - root - INFO - Epoch 9; loss: 267.6186218261719; CER: 0.9999439716339111; WER: 0.999803900718689; val_loss: 238.03424072265625; val_CER: 1.0; val_WER: 1.0
2024-02-23 20:59:10,095 - root - INFO - Epoch 10; loss: 267.3126220703125; CER: 0.9999321699142456; WER: 0.999803900718689; val_loss: 242.512939453125; val_CER: 1.0; val_WER: 1.0
2024-02-23 21:17:49,871 - root - INFO - Epoch 11; loss: 266.974609375; CER: 0.9999412298202515; WER: 0.999803900718689; val_loss: 241.13995361328125; val_CER: 1.0; val_WER: 1.0
2024-02-23 21:33:38,960 - root - INFO - Epoch 12; loss: 266.7619323730469; CER: 0.9998739957809448; WER: 0.999803900718689; val_loss: 245.91690063476562; val_CER: 1.0; val_WER: 1.0
2024-02-23 21:51:31,754 - root - INFO - Epoch 13; loss: 266.8937683105469; CER: 1.0; WER: 0.999803900718689; val_loss: 243.59254455566406; val_CER: 1.0; val_WER: 1.0
2024-02-23 22:09:06,774 - root - INFO - Epoch 14; loss: 267.0413818359375; CER: 1.0; WER: 0.999803900718689; val_loss: 244.38514709472656; val_CER: 1.0; val_WER: 1.0
2024-02-23 22:25:58,111 - root - INFO - Epoch 15; loss: 266.6450500488281; CER: 0.9999637007713318; WER: 0.999803900718689; val_loss: 239.27452087402344; val_CER: 1.0; val_WER: 1.0
2024-02-23 22:42:05,385 - root - INFO - Epoch 16; loss: 266.57135009765625; CER: 1.0; WER: 0.999803900718689; val_loss: 242.13011169433594; val_CER: 1.0; val_WER: 1.0
2024-02-23 23:00:09,944 - root - INFO - Epoch 17; loss: 266.6400451660156; CER: 1.0; WER: 0.999803900718689; val_loss: 242.40676879882812; val_CER: 1.0; val_WER: 1.0
2024-02-23 23:15:55,304 - root - INFO - Epoch 18; loss: 266.2882385253906; CER: 1.0; WER: 0.999803900718689; val_loss: 234.12501525878906; val_CER: 1.0; val_WER: 1.0
2024-02-23 23:32:54,409 - root - INFO - Epoch 19; loss: 266.3356628417969; CER: 1.0; WER: 0.999803900718689; val_loss: 237.8784942626953; val_CER: 1.0; val_WER: 1.0
2024-02-23 23:49:43,365 - root - INFO - Epoch 20; loss: 266.17724609375; CER: 0.9999414682388306; WER: 0.999803900718689; val_loss: 237.51222229003906; val_CER: 1.0; val_WER: 1.0
2024-02-23 23:50:15,686 - tf2onnx.tfonnx - INFO - Using tensorflow=2.15.0, onnx=1.15.0, tf2onnx=1.16.1/15c810
2024-02-23 23:50:15,686 - tf2onnx.tfonnx - INFO - Using opset <onnx, 15>
2024-02-23 23:50:16,940 - tf2onnx.tf_utils - INFO - Computed 0 values for constant folding
2024-02-23 23:50:16,985 - tf2onnx.tf_utils - INFO - Computed 0 values for constant folding
2024-02-23 23:50:16,995 - tf2onnx.tf_utils - INFO - Computed 0 values for constant folding
2024-02-23 23:50:17,008 - tf2onnx.tf_utils - INFO - Computed 0 values for constant folding
2024-02-23 23:50:17,033 - tf2onnx.tf_utils - INFO - Computed 0 values for constant folding
2024-02-23 23:50:17,044 - tf2onnx.tf_utils - INFO - Computed 0 values for constant folding
2024-02-23 23:50:17,057 - tf2onnx.tf_utils - INFO - Computed 0 values for constant folding
2024-02-23 23:50:17,083 - tf2onnx.tf_utils - INFO - Computed 0 values for constant folding
2024-02-23 23:50:17,095 - tf2onnx.tf_utils - INFO - Computed 0 values for constant folding
2024-02-23 23:50:17,123 - tf2onnx.tf_utils - INFO - Computed 0 values for constant folding
2024-02-23 23:50:17,149 - tf2onnx.tf_utils - INFO - Computed 0 values for constant folding
2024-02-23 23:50:17,175 - tf2onnx.tf_utils - INFO - Computed 0 values for constant folding
2024-02-23 23:50:17,185 - tf2onnx.tf_utils - INFO - Computed 0 values for constant folding
2024-02-23 23:50:17,195 - tf2onnx.tf_utils - INFO - Computed 0 values for constant folding
2024-02-23 23:50:17,208 - tf2onnx.tf_utils - INFO - Computed 0 values for constant folding
2024-02-23 23:50:17,234 - tf2onnx.tf_utils - INFO - Computed 0 values for constant folding
2024-02-23 23:50:17,261 - tf2onnx.tf_utils - INFO - Computed 0 values for constant folding
2024-02-23 23:50:17,289 - tf2onnx.tf_utils - INFO - Computed 0 values for constant folding
2024-02-23 23:50:17,299 - tf2onnx.tf_utils - INFO - Computed 0 values for constant folding
2024-02-23 23:50:17,310 - tf2onnx.tf_utils - INFO - Computed 0 values for constant folding
2024-02-23 23:50:17,466 - tf2onnx.tf_utils - INFO - Computed 0 values for constant folding
2024-02-23 23:50:19,030 - tf2onnx.optimizer - INFO - Optimizing ONNX model
2024-02-23 23:50:21,142 - tf2onnx.optimizer - INFO - After optimization: BatchNormalization -2 (2->0), Cast -22 (39->17), Concat -21 (40->19), Const -254 (293->39), Expand -15 (20->5), Gather +5 (4->9), Identity -2 (2->0), ReduceProd -2 (4->2), Shape -5 (13->8), Slice -5 (21->16), Squeeze -11 (21->10), Transpose -20 (23->3), Unsqueeze -60 (68->8)
